<?xml version="1.0" encoding="UTF-8"?>
<testng-results skipped="0" failed="0" ignored="0" total="1" passed="1">
  <reporter-output>
  </reporter-output>
  <suite name="Suite" duration-ms="20734" started-at="2020-10-09T06:47:03Z" finished-at="2020-10-09T06:47:24Z">
    <groups>
    </groups>
    <test name="Test" duration-ms="20734" started-at="2020-10-09T06:47:03Z" finished-at="2020-10-09T06:47:24Z">
      <class name="com.atmecs.phptravels.testscripts.ChatTest">
        <test-method status="PASS" signature="invokebrowser()[pri:0, instance:com.atmecs.phptravels.testscripts.ChatTest@61832929]" name="invokebrowser" is-config="true" duration-ms="10182" started-at="2020-10-09T06:47:03Z" finished-at="2020-10-09T06:47:13Z">
          <reporter-output>
          </reporter-output>
        </test-method> <!-- invokebrowser -->
        <test-method status="PASS" signature="runPhpTravels()[pri:0, instance:com.atmecs.phptravels.testscripts.ChatTest@61832929]" name="runPhpTravels" duration-ms="10176" started-at="2020-10-09T06:47:13Z" finished-at="2020-10-09T06:47:23Z">
          <reporter-output>
          </reporter-output>
        </test-method> <!-- runPhpTravels -->
        <test-method status="PASS" signature="closeBrowser()[pri:0, instance:com.atmecs.phptravels.testscripts.ChatTest@61832929]" name="closeBrowser" is-config="true" duration-ms="347" started-at="2020-10-09T06:47:23Z" finished-at="2020-10-09T06:47:24Z">
          <reporter-output>
          </reporter-output>
        </test-method> <!-- closeBrowser -->
      </class> <!-- com.atmecs.phptravels.testscripts.ChatTest -->
    </test> <!-- Test -->
  </suite> <!-- Suite -->
</testng-results>
